
> verus56@0.6.0 build
> next build

   ▲ Next.js 15.5.9
   - Environments: .env.local

   Creating an optimized production build ...
Browserslist: browsers data (caniuse-lite) is 13 months old. Please run:
  npx update-browserslist-db@latest
  Why you should do it regularly: https://github.com/browserslist/update-db#readme
 ✓ Compiled successfully in 42s
   Linting and checking validity of types ...
 ⨯ ESLint: context.getAncestors is not a function Occurred while linting C:\Users\cc\Downloads\Phone Link\MyPortfolio-main\MyPortfolio-main\apps\web\src\app\api\send\route.ts:25 Rule: "@next/next/no-duplicate-head"
   Collecting page data ...
 ⚠ Using edge runtime on a page currently disables static generation for that page
   Generating static pages (0/14) ...
   Generating static pages (3/14) 
   Generating static pages (6/14) 
   Generating static pages (10/14) 
 ✓ Generating static pages (14/14)
   Finalizing page optimization ...
   Collecting build traces ...

Route (app)                                 Size  First Load JS
┌ ○ /                                     370 kB         528 kB
├ ○ /_not-found                            173 B         103 kB
├ ƒ /api/send                              143 B         103 kB
├ ○ /contact                             5.57 kB         119 kB
├ ○ /gallery                             1.29 kB         146 kB
├ ○ /manifest.webmanifest                  143 B         103 kB
├ ƒ /og                                    143 B         103 kB
├ ƒ /portfolio                             213 B         155 kB
├ ƒ /portfolio/[slug]                      566 B         110 kB
├ ƒ /post                                2.03 kB         157 kB
├ ƒ /post/[slug]                           861 B         113 kB
├ ○ /resume                                588 B         113 kB
├ ○ /robots.txt                            143 B         103 kB
├ ƒ /rss.xml                               143 B         103 kB
└ ○ /sitemap.xml                           143 B         103 kB
+ First Load JS shared by all             103 kB
  ├ chunks/18-6283e220d799a498.js        46.8 kB
  ├ chunks/87c73c54-09e1ba5c70e60a51.js  54.2 kB
  └ other shared chunks (total)          2.15 kB


○  (Static)   prerendered as static content
ƒ  (Dynamic)  server-rendered on demand

